2023-02-07 23:29:49,201 INFO o.a.j.u.JMeterUtils: Setting Locale to en_EN
2023-02-07 23:29:49,215 INFO o.a.j.JMeter: Loading user properties from: /opt/homebrew/Cellar/jmeter/5.5/libexec/bin/user.properties
2023-02-07 23:29:49,216 INFO o.a.j.JMeter: Loading system properties from: /opt/homebrew/Cellar/jmeter/5.5/libexec/bin/system.properties
2023-02-07 23:29:49,219 INFO o.a.j.JMeter: Copyright (c) 1998-2022 The Apache Software Foundation
2023-02-07 23:29:49,219 INFO o.a.j.JMeter: Version 5.5
2023-02-07 23:29:49,219 INFO o.a.j.JMeter: java.version=19.0.2
2023-02-07 23:29:49,219 INFO o.a.j.JMeter: java.vm.name=OpenJDK 64-Bit Server VM
2023-02-07 23:29:49,219 INFO o.a.j.JMeter: os.name=Mac OS X
2023-02-07 23:29:49,219 INFO o.a.j.JMeter: os.arch=aarch64
2023-02-07 23:29:49,219 INFO o.a.j.JMeter: os.version=13.1
2023-02-07 23:29:49,219 INFO o.a.j.JMeter: file.encoding=UTF-8
2023-02-07 23:29:49,219 INFO o.a.j.JMeter: java.awt.headless=true
2023-02-07 23:29:49,219 INFO o.a.j.JMeter: Max memory     =1073741824
2023-02-07 23:29:49,219 INFO o.a.j.JMeter: Available Processors =8
2023-02-07 23:29:49,227 INFO o.a.j.JMeter: Default Locale=English (EN)
2023-02-07 23:29:49,227 INFO o.a.j.JMeter: JMeter  Locale=English (EN)
2023-02-07 23:29:49,227 INFO o.a.j.JMeter: JMeterHome=/opt/homebrew/Cellar/jmeter/5.5/libexec
2023-02-07 23:29:49,227 INFO o.a.j.JMeter: user.dir  =/Users/rafaelsuzano/git/JmeterFiducial
2023-02-07 23:29:49,227 INFO o.a.j.JMeter: PWD       =/Users/rafaelsuzano/git/JmeterFiducial
2023-02-07 23:29:49,231 INFO o.a.j.JMeter: IP: 127.0.0.1 Name: suzanoit-2.local FullName: localhost
2023-02-07 23:29:49,237 INFO o.a.j.JMeter: Setting property 'jmeter.reportgenerator.outputdir' to:'/Users/rafaelsuzano/git/JmeterFiducial/report'
2023-02-07 23:29:49,239 INFO o.a.j.s.FileServer: Default base='/Users/rafaelsuzano/git/JmeterFiducial'
2023-02-07 23:29:49,239 INFO o.a.j.s.FileServer: Set new base='/Users/rafaelsuzano/git/JmeterFiducial'
2023-02-07 23:29:49,346 INFO o.a.j.s.SaveService: Testplan (JMX) version: 2.2. Testlog (JTL) version: 2.2
2023-02-07 23:29:49,364 INFO o.a.j.s.SaveService: Using SaveService properties version 5.0
2023-02-07 23:29:49,366 INFO o.a.j.s.SaveService: Using SaveService properties file encoding UTF-8
2023-02-07 23:29:49,367 INFO o.a.j.s.SaveService: Loading file: Estudo.jmx
2023-02-07 23:29:49,390 INFO o.a.j.p.h.s.HTTPSamplerBase: Parser for text/html is org.apache.jmeter.protocol.http.parser.LagartoBasedHtmlParser
2023-02-07 23:29:49,390 INFO o.a.j.p.h.s.HTTPSamplerBase: Parser for application/xhtml+xml is org.apache.jmeter.protocol.http.parser.LagartoBasedHtmlParser
2023-02-07 23:29:49,390 INFO o.a.j.p.h.s.HTTPSamplerBase: Parser for application/xml is org.apache.jmeter.protocol.http.parser.LagartoBasedHtmlParser
2023-02-07 23:29:49,390 INFO o.a.j.p.h.s.HTTPSamplerBase: Parser for text/xml is org.apache.jmeter.protocol.http.parser.LagartoBasedHtmlParser
2023-02-07 23:29:49,391 INFO o.a.j.p.h.s.HTTPSamplerBase: Parser for text/vnd.wap.wml is org.apache.jmeter.protocol.http.parser.RegexpHTMLParser
2023-02-07 23:29:49,391 INFO o.a.j.p.h.s.HTTPSamplerBase: Parser for text/css is org.apache.jmeter.protocol.http.parser.CssParser
2023-02-07 23:29:49,407 INFO o.a.j.JMeter: Creating summariser <summary>
2023-02-07 23:29:49,409 INFO o.a.j.r.d.ReportGenerator: ReportGenerator will use for Parsing the separator: ','
2023-02-07 23:29:49,409 INFO o.a.j.r.d.ReportGenerator: Will generate report at end of test from  results file: Result.csv
2023-02-07 23:29:49,409 INFO o.a.j.r.d.ReportGenerator: Reading report generator properties from: /opt/homebrew/Cellar/jmeter/5.5/libexec/bin/reportgenerator.properties
2023-02-07 23:29:49,410 INFO o.a.j.r.d.ReportGenerator: Merging with JMeter properties
2023-02-07 23:29:49,412 INFO o.a.j.r.c.ReportGeneratorConfiguration: Property 'jmeter.reportgenerator.temp_dir' not found, using default value 'temp' instead.
2023-02-07 23:29:49,413 INFO o.a.j.r.c.ReportGeneratorConfiguration: Property 'jmeter.reportgenerator.apdex_per_transaction' not found, using default value 'null' instead.
2023-02-07 23:29:49,413 INFO o.a.j.r.c.ReportGeneratorConfiguration: apdex_per_transaction is empty, not APDEX per transaction customization
2023-02-07 23:29:49,413 INFO o.a.j.r.c.ReportGeneratorConfiguration: Property 'jmeter.reportgenerator.sample_filter' not found, using default value 'null' instead.
2023-02-07 23:29:49,413 INFO o.a.j.r.c.ReportGeneratorConfiguration: Property 'jmeter.reportgenerator.report_title' not found, using default value 'null' instead.
2023-02-07 23:29:49,413 INFO o.a.j.r.c.ReportGeneratorConfiguration: Property 'jmeter.reportgenerator.start_date' not found, using default value 'null' instead.
2023-02-07 23:29:49,413 INFO o.a.j.r.c.ReportGeneratorConfiguration: Property 'jmeter.reportgenerator.end_date' not found, using default value 'null' instead.
2023-02-07 23:29:49,413 INFO o.a.j.r.c.ReportGeneratorConfiguration: Property 'jmeter.reportgenerator.date_format' not found, using default value 'null' instead.
2023-02-07 23:29:49,414 INFO o.a.j.r.c.ReportGeneratorConfiguration: Will use date range start date: null, end date: null
2023-02-07 23:29:49,416 INFO o.a.j.r.c.ReportGeneratorConfiguration: Property 'jmeter.reportgenerator.graph.totalTPS.exclude_controllers' not found, using default value 'false' instead.
2023-02-07 23:29:49,416 INFO o.a.j.r.c.ReportGeneratorConfiguration: Property 'jmeter.reportgenerator.graph.activeThreadsOverTime.exclude_controllers' not found, using default value 'false' instead.
2023-02-07 23:29:49,416 INFO o.a.j.r.c.ReportGeneratorConfiguration: Property 'jmeter.reportgenerator.graph.timeVsThreads.exclude_controllers' not found, using default value 'false' instead.
2023-02-07 23:29:49,416 INFO o.a.j.r.c.ReportGeneratorConfiguration: Property 'jmeter.reportgenerator.graph.responseTimeDistribution.exclude_controllers' not found, using default value 'false' instead.
2023-02-07 23:29:49,416 INFO o.a.j.r.c.ReportGeneratorConfiguration: Property 'jmeter.reportgenerator.graph.transactionsPerSecond.exclude_controllers' not found, using default value 'false' instead.
2023-02-07 23:29:49,416 INFO o.a.j.r.c.ReportGeneratorConfiguration: Property 'jmeter.reportgenerator.graph.responseTimePercentiles.exclude_controllers' not found, using default value 'false' instead.
2023-02-07 23:29:49,416 INFO o.a.j.r.c.ReportGeneratorConfiguration: Property 'jmeter.reportgenerator.graph.responseTimePercentilesOverTime.exclude_controllers' not found, using default value 'false' instead.
2023-02-07 23:29:49,416 INFO o.a.j.r.c.ReportGeneratorConfiguration: Property 'jmeter.reportgenerator.graph.responseTimesOverTime.exclude_controllers' not found, using default value 'false' instead.
2023-02-07 23:29:49,416 INFO o.a.j.r.c.ReportGeneratorConfiguration: Property 'jmeter.reportgenerator.graph.connectTimeOverTime.exclude_controllers' not found, using default value 'false' instead.
2023-02-07 23:29:49,416 INFO o.a.j.r.c.ReportGeneratorConfiguration: Property 'jmeter.reportgenerator.graph.latenciesOverTime.exclude_controllers' not found, using default value 'false' instead.
2023-02-07 23:29:49,417 INFO o.a.j.r.c.ReportGeneratorConfiguration: Property 'jmeter.reportgenerator.exporter.json.filters_only_sample_series' not found, using default value 'true' instead.
2023-02-07 23:29:49,417 INFO o.a.j.r.c.ReportGeneratorConfiguration: Property 'jmeter.reportgenerator.exporter.json.series_filter' not found, using default value '' instead.
2023-02-07 23:29:49,417 INFO o.a.j.r.c.ReportGeneratorConfiguration: Property 'jmeter.reportgenerator.exporter.json.show_controllers_only' not found, using default value 'false' instead.
2023-02-07 23:29:49,417 INFO o.a.j.r.c.ReportGeneratorConfiguration: Property 'jmeter.reportgenerator.exporter.html.filters_only_sample_series' not found, using default value 'true' instead.
2023-02-07 23:29:49,417 INFO o.a.j.r.c.ReportGeneratorConfiguration: Property 'jmeter.reportgenerator.exporter.html.series_filter' not found, using default value '' instead.
2023-02-07 23:29:49,417 INFO o.a.j.r.c.ReportGeneratorConfiguration: Property 'jmeter.reportgenerator.exporter.html.show_controllers_only' not found, using default value 'false' instead.
2023-02-07 23:29:49,423 INFO o.a.j.e.StandardJMeterEngine: Running the test!
2023-02-07 23:29:49,423 INFO o.a.j.s.SampleEvent: List of sample_variables: []
2023-02-07 23:29:49,423 INFO o.a.j.s.SampleEvent: List of sample_variables: []
2023-02-07 23:29:49,425 INFO o.a.j.e.u.CompoundVariable: Note: Function class names must contain the string: '.functions.'
2023-02-07 23:29:49,425 INFO o.a.j.e.u.CompoundVariable: Note: Function class names must not contain the string: '.gui.'
2023-02-07 23:29:49,451 INFO o.a.j.r.ResultCollector: Folder at /Users/rafaelsuzano/git/JmeterFiducial/report was created
2023-02-07 23:29:49,456 INFO o.a.j.JMeter: Running test (1675823389456)
2023-02-07 23:29:49,466 INFO o.a.j.e.StandardJMeterEngine: Starting ThreadGroup: 1 : Grupo de Usuários Create Factures
2023-02-07 23:29:49,466 INFO o.a.j.e.StandardJMeterEngine: Starting 10 threads for group Grupo de Usuários Create Factures.
2023-02-07 23:29:49,466 INFO o.a.j.e.StandardJMeterEngine: Thread will continue on error
2023-02-07 23:29:49,466 INFO o.a.j.t.ThreadGroup: Starting thread group... number=1 threads=10 ramp-up=60 delayedStart=true
2023-02-07 23:29:49,467 INFO o.a.j.t.ThreadGroup: Started thread group number 1
2023-02-07 23:29:49,467 INFO o.a.j.e.StandardJMeterEngine: All thread groups have been started
2023-02-07 23:29:49,469 INFO o.a.j.t.JMeterThread: Thread started: Grupo de Usuários Create Factures 1-1
2023-02-07 23:29:49,481 INFO o.a.j.p.h.s.HTTPHCAbstractImpl: Local host = suzanoit-2.local
2023-02-07 23:29:49,484 INFO o.a.j.p.h.s.HTTPHC4Impl: HTTP request retry count = 0
2023-02-07 23:29:49,485 INFO o.a.j.s.SampleResult: Note: Sample TimeStamps are START times
2023-02-07 23:29:49,485 INFO o.a.j.s.SampleResult: sampleresult.default.encoding is set to ISO-8859-1
2023-02-07 23:29:49,485 INFO o.a.j.s.SampleResult: sampleresult.useNanoTime=true
2023-02-07 23:29:49,485 INFO o.a.j.s.SampleResult: sampleresult.nanoThreadSleep=5000
2023-02-07 23:29:49,584 INFO o.a.j.p.h.s.h.LazyLayeredConnectionSocketFactory: Setting up HTTPS TrustAll Socket Factory
2023-02-07 23:29:49,589 INFO o.a.j.u.JsseSSLManager: Using default SSL protocol: TLS
2023-02-07 23:29:49,589 INFO o.a.j.u.JsseSSLManager: SSL session context: per-thread
2023-02-07 23:29:49,873 INFO o.a.j.u.SSLManager: JmeterKeyStore Location:  type JKS
2023-02-07 23:29:49,876 INFO o.a.j.u.SSLManager: KeyStore created OK
2023-02-07 23:29:49,876 WARN o.a.j.u.SSLManager: Keystore file not found, loading empty keystore
2023-02-07 23:29:51,554 INFO o.a.j.p.h.s.HTTPHC4Impl: Content-Header is set already on the request! Will be replaced by a Multipart-Header. Old headers: [Content-type: application/json; charset=UTF-8]
2023-02-07 23:29:56,025 INFO o.a.j.t.JMeterThread: Thread is done: Grupo de Usuários Create Factures 1-1
2023-02-07 23:29:56,025 INFO o.a.j.t.JMeterThread: Thread finished: Grupo de Usuários Create Factures 1-1
2023-02-07 23:29:56,137 INFO o.a.j.t.JMeterThread: Thread started: Grupo de Usuários Create Factures 1-2
2023-02-07 23:29:57,864 INFO o.a.j.p.h.s.HTTPHC4Impl: Content-Header is set already on the request! Will be replaced by a Multipart-Header. Old headers: [Content-type: application/json; charset=UTF-8]
2023-02-07 23:30:02,810 INFO o.a.j.t.JMeterThread: Thread started: Grupo de Usuários Create Factures 1-3
2023-02-07 23:30:04,424 INFO o.a.j.r.Summariser: summary +      4 in 00:00:15 =    0.3/s Avg:  3688 Min:  1724 Max:  6554 Err:     0 (0.00%) Active: 2 Started: 3 Finished: 1
2023-02-07 23:30:04,425 INFO o.a.j.t.JMeterThread: Thread is done: Grupo de Usuários Create Factures 1-2
2023-02-07 23:30:04,425 INFO o.a.j.t.JMeterThread: Thread finished: Grupo de Usuários Create Factures 1-2
2023-02-07 23:30:04,862 INFO o.a.j.p.h.s.HTTPHC4Impl: Content-Header is set already on the request! Will be replaced by a Multipart-Header. Old headers: [Content-type: application/json; charset=UTF-8]
2023-02-07 23:30:09,484 INFO o.a.j.t.JMeterThread: Thread started: Grupo de Usuários Create Factures 1-4
2023-02-07 23:30:09,652 INFO o.a.j.t.JMeterThread: Thread is done: Grupo de Usuários Create Factures 1-3
2023-02-07 23:30:09,653 INFO o.a.j.t.JMeterThread: Thread finished: Grupo de Usuários Create Factures 1-3
2023-02-07 23:30:11,687 INFO o.a.j.p.h.s.HTTPHC4Impl: Content-Header is set already on the request! Will be replaced by a Multipart-Header. Old headers: [Content-type: application/json; charset=UTF-8]
2023-02-07 23:30:16,149 INFO o.a.j.t.JMeterThread: Thread started: Grupo de Usuários Create Factures 1-5
2023-02-07 23:30:16,209 INFO o.a.j.t.JMeterThread: Thread is done: Grupo de Usuários Create Factures 1-4
2023-02-07 23:30:16,209 INFO o.a.j.t.JMeterThread: Thread finished: Grupo de Usuários Create Factures 1-4
2023-02-07 23:30:18,755 INFO o.a.j.p.h.s.HTTPHC4Impl: Content-Header is set already on the request! Will be replaced by a Multipart-Header. Old headers: [Content-type: application/json; charset=UTF-8]
2023-02-07 23:30:22,817 INFO o.a.j.t.JMeterThread: Thread started: Grupo de Usuários Create Factures 1-6
2023-02-07 23:30:23,286 INFO o.a.j.t.JMeterThread: Thread is done: Grupo de Usuários Create Factures 1-5
2023-02-07 23:30:23,286 INFO o.a.j.t.JMeterThread: Thread finished: Grupo de Usuários Create Factures 1-5
2023-02-07 23:30:24,572 INFO o.a.j.p.h.s.HTTPHC4Impl: Content-Header is set already on the request! Will be replaced by a Multipart-Header. Old headers: [Content-type: application/json; charset=UTF-8]
2023-02-07 23:30:29,091 INFO o.a.j.t.JMeterThread: Thread is done: Grupo de Usuários Create Factures 1-6
2023-02-07 23:30:29,091 INFO o.a.j.t.JMeterThread: Thread finished: Grupo de Usuários Create Factures 1-6
2023-02-07 23:30:29,484 INFO o.a.j.t.JMeterThread: Thread started: Grupo de Usuários Create Factures 1-7
2023-02-07 23:30:32,082 INFO o.a.j.r.Summariser: summary +      9 in 00:00:28 =    0.3/s Avg:  3281 Min:  1749 Max:  4788 Err:     0 (0.00%) Active: 1 Started: 7 Finished: 6
2023-02-07 23:30:32,083 INFO o.a.j.r.Summariser: summary =     13 in 00:00:43 =    0.3/s Avg:  3406 Min:  1724 Max:  6554 Err:     0 (0.00%)
2023-02-07 23:30:32,085 INFO o.a.j.p.h.s.HTTPHC4Impl: Content-Header is set already on the request! Will be replaced by a Multipart-Header. Old headers: [Content-type: application/json; charset=UTF-8]
2023-02-07 23:30:36,152 INFO o.a.j.t.JMeterThread: Thread started: Grupo de Usuários Create Factures 1-8
2023-02-07 23:30:36,681 INFO o.a.j.t.JMeterThread: Thread is done: Grupo de Usuários Create Factures 1-7
2023-02-07 23:30:36,681 INFO o.a.j.t.JMeterThread: Thread finished: Grupo de Usuários Create Factures 1-7
2023-02-07 23:30:37,690 INFO o.a.j.p.h.s.HTTPHC4Impl: Content-Header is set already on the request! Will be replaced by a Multipart-Header. Old headers: [Content-type: application/json; charset=UTF-8]
2023-02-07 23:30:42,071 INFO o.a.j.t.JMeterThread: Thread is done: Grupo de Usuários Create Factures 1-8
2023-02-07 23:30:42,072 INFO o.a.j.t.JMeterThread: Thread finished: Grupo de Usuários Create Factures 1-8
2023-02-07 23:30:42,815 INFO o.a.j.t.JMeterThread: Thread started: Grupo de Usuários Create Factures 1-9
2023-02-07 23:30:44,445 INFO o.a.j.p.h.s.HTTPHC4Impl: Content-Header is set already on the request! Will be replaced by a Multipart-Header. Old headers: [Content-type: application/json; charset=UTF-8]
2023-02-07 23:30:48,869 INFO o.a.j.t.JMeterThread: Thread is done: Grupo de Usuários Create Factures 1-9
2023-02-07 23:30:48,869 INFO o.a.j.t.JMeterThread: Thread finished: Grupo de Usuários Create Factures 1-9
2023-02-07 23:30:49,473 INFO o.a.j.t.JMeterThread: Thread started: Grupo de Usuários Create Factures 1-10
2023-02-07 23:30:51,598 INFO o.a.j.p.h.s.HTTPHC4Impl: Content-Header is set already on the request! Will be replaced by a Multipart-Header. Old headers: [Content-type: application/json; charset=UTF-8]
2023-02-07 23:30:56,058 INFO o.a.j.t.JMeterThread: Thread is done: Grupo de Usuários Create Factures 1-10
2023-02-07 23:30:56,059 INFO o.a.j.t.JMeterThread: Thread finished: Grupo de Usuários Create Factures 1-10
2023-02-07 23:30:56,060 INFO o.a.j.e.StandardJMeterEngine: Notifying test listeners of end of test
2023-02-07 23:30:56,065 INFO o.a.j.r.Summariser: summary +      7 in 00:00:24 =    0.3/s Avg:  3305 Min:  1535 Max:  4595 Err:     0 (0.00%) Active: 0 Started: 10 Finished: 10
2023-02-07 23:30:56,065 INFO o.a.j.r.Summariser: summary =     20 in 00:01:07 =    0.3/s Avg:  3371 Min:  1535 Max:  6554 Err:     0 (0.00%)
2023-02-07 23:30:56,066 INFO o.a.j.JMeter: Generating Dashboard
2023-02-07 23:30:56,067 INFO o.a.j.r.d.ReportGenerator: Flushing result collector before report Generation
2023-02-07 23:30:56,089 INFO o.a.j.r.p.NormalizerSampleConsumer: Using format, 'ms', to parse timeStamp field
2023-02-07 23:30:56,138 INFO o.a.j.r.p.AbstractSampleConsumer: class org.apache.jmeter.report.processor.AggregateConsumer#stopProducing(): beginDate produced 0 samples
2023-02-07 23:30:56,138 INFO o.a.j.r.p.AbstractSampleConsumer: class org.apache.jmeter.report.processor.AggregateConsumer#stopProducing(): endDate produced 0 samples
2023-02-07 23:30:56,139 INFO o.a.j.r.p.AbstractSampleConsumer: class org.apache.jmeter.report.processor.ApdexSummaryConsumer#stopProducing(): apdexSummary produced 0 samples
2023-02-07 23:30:56,139 INFO o.a.j.r.p.AbstractSampleConsumer: class org.apache.jmeter.report.processor.RequestsSummaryConsumer#stopProducing(): requestsSummary produced 0 samples
2023-02-07 23:30:56,141 INFO o.a.j.r.p.AbstractSampleConsumer: class org.apache.jmeter.report.processor.StatisticsSummaryConsumer#stopProducing(): statisticsSummary produced 0 samples
2023-02-07 23:30:56,142 INFO o.a.j.r.p.AbstractSampleConsumer: class org.apache.jmeter.report.processor.Top5ErrorsBySamplerConsumer#stopProducing(): top5ErrorsBySampler produced 0 samples
2023-02-07 23:30:56,142 INFO o.a.j.r.p.AbstractSampleConsumer: class org.apache.jmeter.report.processor.ErrorsSummaryConsumer#stopProducing(): errorsSummary produced 0 samples
2023-02-07 23:30:56,142 INFO o.a.j.r.p.AbstractSampleConsumer: class org.apache.jmeter.report.processor.graph.impl.HitsPerSecondGraphConsumer#stopProducing(): hitsPerSecond produced 0 samples
2023-02-07 23:30:56,147 INFO o.a.j.r.p.AbstractSampleConsumer: class org.apache.jmeter.report.processor.graph.impl.LatencyVSRequestGraphConsumer#stopProducing(): latencyVsRequest produced 0 samples
2023-02-07 23:30:56,147 INFO o.a.j.r.p.AbstractSampleConsumer: class org.apache.jmeter.report.processor.graph.impl.SyntheticResponseTimeDistributionGraphConsumer#stopProducing(): syntheticResponseTimeDistribution produced 0 samples
2023-02-07 23:30:56,147 INFO o.a.j.r.p.AbstractSampleConsumer: class org.apache.jmeter.report.processor.graph.impl.BytesThroughputGraphConsumer#stopProducing(): bytesThroughputOverTime produced 0 samples
2023-02-07 23:30:56,147 INFO o.a.j.r.p.AbstractSampleConsumer: class org.apache.jmeter.report.processor.graph.impl.CodesPerSecondGraphConsumer#stopProducing(): codesPerSecond produced 0 samples
2023-02-07 23:30:56,148 INFO o.a.j.r.p.AbstractSampleConsumer: class org.apache.jmeter.report.processor.graph.impl.ResponseTimeVSRequestGraphConsumer#stopProducing(): responseTimeVsRequest produced 0 samples
2023-02-07 23:30:56,148 INFO o.a.j.r.p.AbstractSampleConsumer: class org.apache.jmeter.report.processor.FilterConsumer#stopProducing(): startIntervalControlerFilter produced 140 samples
2023-02-07 23:30:56,148 INFO o.a.j.r.p.AbstractSampleConsumer: class org.apache.jmeter.report.processor.graph.impl.TotalTPSGraphConsumer#stopProducing(): totalTPS produced 0 samples
2023-02-07 23:30:56,148 INFO o.a.j.r.p.AbstractSampleConsumer: class org.apache.jmeter.report.processor.graph.impl.ActiveThreadsGraphConsumer#stopProducing(): activeThreadsOverTime produced 0 samples
2023-02-07 23:30:56,148 INFO o.a.j.r.p.AbstractSampleConsumer: class org.apache.jmeter.report.processor.graph.impl.TimeVSThreadGraphConsumer#stopProducing(): timeVsThreads produced 0 samples
2023-02-07 23:30:56,148 INFO o.a.j.r.p.AbstractSampleConsumer: class org.apache.jmeter.report.processor.graph.impl.ResponseTimeDistributionGraphConsumer#stopProducing(): responseTimeDistribution produced 0 samples
2023-02-07 23:30:56,148 INFO o.a.j.r.p.AbstractSampleConsumer: class org.apache.jmeter.report.processor.graph.impl.TransactionsPerSecondGraphConsumer#stopProducing(): transactionsPerSecond produced 0 samples
2023-02-07 23:30:56,149 INFO o.a.j.r.p.AbstractSampleConsumer: class org.apache.jmeter.report.processor.graph.impl.ResponseTimePercentilesGraphConsumer#stopProducing(): responseTimePercentiles produced 0 samples
2023-02-07 23:30:56,149 INFO o.a.j.r.p.AbstractSampleConsumer: class org.apache.jmeter.report.processor.graph.impl.ResponseTimePercentilesOverTimeGraphConsumer#stopProducing(): responseTimePercentilesOverTime produced 0 samples
2023-02-07 23:30:56,149 INFO o.a.j.r.p.AbstractSampleConsumer: class org.apache.jmeter.report.processor.graph.impl.ResponseTimeOverTimeGraphConsumer#stopProducing(): responseTimesOverTime produced 0 samples
2023-02-07 23:30:56,149 INFO o.a.j.r.p.AbstractSampleConsumer: class org.apache.jmeter.report.processor.graph.impl.ConnectTimeOverTimeGraphConsumer#stopProducing(): connectTimeOverTime produced 0 samples
2023-02-07 23:30:56,149 INFO o.a.j.r.p.AbstractSampleConsumer: class org.apache.jmeter.report.processor.graph.impl.LatencyOverTimeGraphConsumer#stopProducing(): latenciesOverTime produced 0 samples
2023-02-07 23:30:56,149 INFO o.a.j.r.p.AbstractSampleConsumer: class org.apache.jmeter.report.processor.FilterConsumer#stopProducing(): nameFilter produced 300 samples
2023-02-07 23:30:56,149 INFO o.a.j.r.p.AbstractSampleConsumer: class org.apache.jmeter.report.processor.FilterConsumer#stopProducing(): dateRangeFilter produced 60 samples
2023-02-07 23:30:56,149 INFO o.a.j.r.p.AbstractSampleConsumer: class org.apache.jmeter.report.processor.NormalizerSampleConsumer#stopProducing(): normalizer produced 20 samples
2023-02-07 23:30:56,150 INFO o.a.j.r.p.CsvFileSampleSource: produce(): 20 samples produced in 35ms on channel 0
2023-02-07 23:30:56,150 INFO o.a.j.r.d.ReportGenerator: Exporting data using exporter:'json' of className:'org.apache.jmeter.report.dashboard.JsonExporter'
2023-02-07 23:30:56,208 INFO o.a.j.r.d.JsonExporter: Found data for consumer statisticsSummary in context
2023-02-07 23:30:56,208 INFO o.a.j.r.d.JsonExporter: Creating statistics for overall
2023-02-07 23:30:56,208 INFO o.a.j.r.d.JsonExporter: Creating statistics for other transactions
2023-02-07 23:30:56,209 INFO o.a.j.r.d.JsonExporter: Checking output folder
2023-02-07 23:30:56,209 INFO o.a.j.r.d.JsonExporter: Writing statistics JSON to /Users/rafaelsuzano/git/JmeterFiducial/report/statistics.json
2023-02-07 23:30:56,245 INFO o.a.j.r.d.ReportGenerator: Exporting data using exporter:'html' of className:'org.apache.jmeter.report.dashboard.HtmlTemplateExporter'
2023-02-07 23:30:56,248 INFO o.a.j.r.d.HtmlTemplateExporter: Will generate dashboard in folder: /Users/rafaelsuzano/git/JmeterFiducial/report
2023-02-07 23:30:56,304 INFO o.a.j.r.d.HtmlTemplateExporter: Report will be generated in: /Users/rafaelsuzano/git/JmeterFiducial/report, creating folder structure
2023-02-07 23:30:56,305 INFO o.a.j.r.d.TemplateVisitor: Copying folder from '/opt/homebrew/Cellar/jmeter/5.5/libexec/bin/report-template' to '/Users/rafaelsuzano/git/JmeterFiducial/report', got message: /Users/rafaelsuzano/git/JmeterFiducial/report, found non empty folder with following content [/Users/rafaelsuzano/git/JmeterFiducial/report/statistics.json, /Users/rafaelsuzano/git/JmeterFiducial/report/Report.xls, /Users/rafaelsuzano/git/JmeterFiducial/report/result.csv], will be ignored
2023-02-07 23:30:56,484 INFO o.a.j.JMeter: Dashboard generated
